<?xml version="1.0" encoding="UTF-8"?>
<testng-results skipped="0" failed="0" ignored="0" total="1" passed="1">
  <reporter-output>
  </reporter-output>
  <suite name="Suite" duration-ms="5613" started-at="2018-08-27T04:26:19Z" finished-at="2018-08-27T04:26:24Z">
    <groups>
    </groups>
    <test name="Test" duration-ms="5613" started-at="2018-08-27T04:26:19Z" finished-at="2018-08-27T04:26:24Z">
      <class name="testCases.TestCase001">
        <test-method status="PASS" signature="tc001()[pri:0, instance:testCases.TestCase001@3f0ee7cb]" name="tc001" duration-ms="5591" started-at="2018-08-27T04:26:19Z" finished-at="2018-08-27T04:26:24Z">
          <reporter-output>
          </reporter-output>
        </test-method> <!-- tc001 -->
      </class> <!-- testCases.TestCase001 -->
    </test> <!-- Test -->
  </suite> <!-- Suite -->
</testng-results>
